#
# There is insufficient memory for the Java Runtime Environment to continue.
# Native memory allocation (mmap) failed to map 911736832 bytes for committing reserved memory.
# Possible reasons:
#   The system is out of physical RAM or swap space
#   In 32 bit mode, the process size limit was hit
# Possible solutions:
#   Reduce memory load on the system
#   Increase physical memory or swap space
#   Check if swap backing store is full
#   Use 64 bit Java on a 64 bit OS
#   Decrease Java heap size (-Xmx/-Xms)
#   Decrease number of Java threads
#   Decrease Java thread stack sizes (-Xss)
#   Set larger code cache with -XX:ReservedCodeCacheSize=
# This output file may be truncated or incomplete.
#
#  Out of Memory Error (os_linux.cpp:2627), pid=20608, tid=0x00007f3ce1db5700
#
# JRE version: Java(TM) SE Runtime Environment (8.0_101-b13) (build 1.8.0_101-b13)
# Java VM: Java HotSpot(TM) 64-Bit Server VM (25.101-b13 mixed mode linux-amd64 compressed oops)
# Failed to write core dump. Core dumps have been disabled. To enable core dumping, try "ulimit -c unlimited" before starting Java again
#

---------------  T H R E A D  ---------------

Current thread (0x00007f3cfc085000):  VMThread [stack: 0x00007f3ce1cb5000,0x00007f3ce1db6000] [id=20624]

Stack: [0x00007f3ce1cb5000,0x00007f3ce1db6000],  sp=0x00007f3ce1db4220,  free space=1020k
Native frames: (J=compiled Java code, j=interpreted, Vv=VM code, C=native code)
V  [libjvm.so+0xac3f0a]  VMError::report_and_die()+0x2ba
V  [libjvm.so+0x4fbf9b]  report_vm_out_of_memory(char const*, int, unsigned long, VMErrorType, char const*)+0x8b
V  [libjvm.so+0x9222d3]  os::Linux::commit_memory_impl(char*, unsigned long, bool)+0x103
V  [libjvm.so+0x922829]  os::pd_commit_memory(char*, unsigned long, unsigned long, bool)+0x29
V  [libjvm.so+0x91cb2a]  os::commit_memory(char*, unsigned long, unsigned long, bool)+0x2a
V  [libjvm.so+0x991053]  PSVirtualSpace::expand_by(unsigned long)+0x53
V  [libjvm.so+0x992458]  PSYoungGen::resize_generation(unsigned long, unsigned long)+0xf8
V  [libjvm.so+0x9915b2]  PSYoungGen::resize(unsigned long, unsigned long)+0x22
V  [libjvm.so+0x98e88b]  PSScavenge::invoke_no_policy()+0xf3b
V  [libjvm.so+0x98f011]  PSScavenge::invoke()+0x41
V  [libjvm.so+0x945fc0]  ParallelScavengeHeap::failed_mem_allocate(unsigned long)+0x70
V  [libjvm.so+0xac5927]  VM_ParallelGCFailedAllocation::doit()+0x97
V  [libjvm.so+0xacd405]  VM_Operation::evaluate()+0x55
V  [libjvm.so+0xacb7da]  VMThread::evaluate_operation(VM_Operation*)+0xba
V  [libjvm.so+0xacbb5e]  VMThread::loop()+0x1ce
V  [libjvm.so+0xacbfd0]  VMThread::run()+0x70
V  [libjvm.so+0x924698]  java_start(Thread*)+0x108

VM_Operation (0x00007f3cdb0e2220): ParallelGCFailedAllocation, mode: safepoint, requested by thread 0x00007f3c6400c800


---------------  P R O C E S S  ---------------

Java Threads: ( => current thread )
  0x00007f3c6400c800 JavaThread "clojure-agent-send-off-pool-7" [_thread_blocked, id=20643, stack(0x00007f3cdafe3000,0x00007f3cdb0e4000)]
  0x00007f3c64011800 JavaThread "clojure-agent-send-off-pool-6" [_thread_blocked, id=20642, stack(0x00007f3cdb0e4000,0x00007f3cdb1e5000)]
  0x00007f3c64010000 JavaThread "clojure-agent-send-off-pool-5" [_thread_blocked, id=20641, stack(0x00007f3cdb1e5000,0x00007f3cdb2e6000)]
  0x00007f3c64008800 JavaThread "clojure-agent-send-off-pool-4" [_thread_blocked, id=20640, stack(0x00007f3cdb2e6000,0x00007f3cdb3e7000)]
  0x00007f3c6c005000 JavaThread "clojure-agent-send-off-pool-2" [_thread_in_native, id=20638, stack(0x00007f3ce008f000,0x00007f3ce0190000)]
  0x00007f3cfc7fe800 JavaThread "clojure-agent-send-off-pool-1" [_thread_in_native, id=20637, stack(0x00007f3ce0804000,0x00007f3ce0905000)]
  0x00007f3cfc7fc000 JavaThread "clojure-agent-send-off-pool-0" [_thread_blocked, id=20636, stack(0x00007f3ce0905000,0x00007f3ce0a06000)]
  0x00007f3cfc0d7800 JavaThread "Service Thread" daemon [_thread_blocked, id=20632, stack(0x00007f3ce11d4000,0x00007f3ce12d5000)]
  0x00007f3cfc0cc800 JavaThread "C1 CompilerThread3" daemon [_thread_blocked, id=20631, stack(0x00007f3ce12d5000,0x00007f3ce13d6000)]
  0x00007f3cfc0ca800 JavaThread "C2 CompilerThread2" daemon [_thread_blocked, id=20630, stack(0x00007f3ce13d6000,0x00007f3ce14d7000)]
  0x00007f3cfc0c8800 JavaThread "C2 CompilerThread1" daemon [_thread_blocked, id=20629, stack(0x00007f3ce14d7000,0x00007f3ce15d8000)]
  0x00007f3cfc0c6000 JavaThread "C2 CompilerThread0" daemon [_thread_blocked, id=20628, stack(0x00007f3ce15d8000,0x00007f3ce16d9000)]
  0x00007f3cfc0c4800 JavaThread "Signal Dispatcher" daemon [_thread_blocked, id=20627, stack(0x00007f3ce16d9000,0x00007f3ce17da000)]
  0x00007f3cfc091000 JavaThread "Finalizer" daemon [_thread_blocked, id=20626, stack(0x00007f3ce1ab3000,0x00007f3ce1bb4000)]
  0x00007f3cfc08c800 JavaThread "Reference Handler" daemon [_thread_blocked, id=20625, stack(0x00007f3ce1bb4000,0x00007f3ce1cb5000)]
  0x00007f3cfc00b000 JavaThread "main" [_thread_blocked, id=20612, stack(0x00007f3d02166000,0x00007f3d02267000)]

Other Threads:
=>0x00007f3cfc085000 VMThread [stack: 0x00007f3ce1cb5000,0x00007f3ce1db6000] [id=20624]
  0x00007f3cfc0da800 WatcherThread [stack: 0x00007f3ce10d3000,0x00007f3ce11d4000] [id=20633]

VM state:at safepoint (normal execution)

VM Mutex/Monitor currently owned by a thread:  ([mutex/lock_event])
[0x00007f3cfc007280] Threads_lock - owner thread: 0x00007f3cfc085000
[0x00007f3cfc007780] Heap_lock - owner thread: 0x00007f3c6400c800

Heap:
 PSYoungGen      total 1016320K, used 8614K [0x0000000718f80000, 0x0000000759900000, 0x00000007c0000000)
  eden space 999424K, 0% used [0x0000000718f80000,0x0000000718f80000,0x0000000755f80000)
  from space 16896K, 50% used [0x0000000757800000,0x0000000758069b78,0x0000000758880000)
  to   space 9216K, 0% used [0x0000000759000000,0x0000000759000000,0x0000000759900000)
 ParOldGen       total 151040K, used 15018K [0x00000005cae00000, 0x00000005d4180000, 0x0000000718f80000)
  object space 151040K, 9% used [0x00000005cae00000,0x00000005cbcaaa48,0x00000005d4180000)
 Metaspace       used 27412K, capacity 34887K, committed 34992K, reserved 1075200K
  class space    used 6541K, capacity 9038K, committed 9136K, reserved 1048576K

Card table byte_map: [0x00007f3ceae00000,0x00007f3cebdaa000] byte_map_base: 0x00007f3ce7fa9000

Marking Bits: (ParMarkBitMap*) 0x00007f3d01656120
 Begin Bits: [0x00007f3c94570000, 0x00007f3c9c2b8000)
 End Bits:   [0x00007f3c9c2b8000, 0x00007f3ca4000000)

Polling page: 0x00007f3d022a5000

CodeCache: size=245760Kb used=13304Kb max_used=13497Kb free=232455Kb
 bounds [0x00007f3cec16a000, 0x00007f3ceceaa000, 0x00007f3cfb16a000]
 total_blobs=2833 nmethods=2479 adapters=267
 compilation: enabled

Compilation events (10 events):
Event: 77.132 Thread 0x00007f3cfc0c6000 3162       4       lighttable.nrepl.core$out_writer$length__1423::invoke (16 bytes)
Event: 77.133 Thread 0x00007f3cfc0c6000 nmethod 3162 0x00007f3cece6c490 code [0x00007f3cece6c5e0, 0x00007f3cece6c698]
Event: 77.349 Thread 0x00007f3cfc0ca800 3163   !   4       sun.reflect.GeneratedMethodAccessor8::invoke (61 bytes)
Event: 77.358 Thread 0x00007f3cfc0ca800 nmethod 3163 0x00007f3cece759d0 code [0x00007f3cece75bc0, 0x00007f3cece760a0]
Event: 77.383 Thread 0x00007f3cfc0c8800 3164   !   4       sun.reflect.GeneratedMethodAccessor10::invoke (68 bytes)
Event: 77.386 Thread 0x00007f3cfc0c8800 nmethod 3164 0x00007f3cec314250 code [0x00007f3cec3143c0, 0x00007f3cec3146b8]
Event: 779.614 Thread 0x00007f3cfc0cc800 3165 %     3       lighttable.nrepl.core$out_writer$fn__1445::invoke @ 0 (74 bytes)
Event: 779.615 Thread 0x00007f3cfc0cc800 nmethod 3165% 0x00007f3cec4746d0 code [0x00007f3cec4748c0, 0x00007f3cec475238]
Event: 792.567 Thread 0x00007f3cfc0cc800 3166       3       lighttable.nrepl.core$out_writer$fn__1445::invoke (74 bytes)
Event: 792.568 Thread 0x00007f3cfc0cc800 nmethod 3166 0x00007f3cec2a6bd0 code [0x00007f3cec2a6dc0, 0x00007f3cec2a76f8]

GC Heap History (10 events):
Event: 4.956 GC heap after
Heap after GC invocations=3 (full 0):
 PSYoungGen      total 279040K, used 10226K [0x0000000718f80000, 0x000000073b080000, 0x00000007c0000000)
  eden space 258048K, 0% used [0x0000000718f80000,0x0000000718f80000,0x0000000728b80000)
  from space 20992K, 48% used [0x0000000728b80000,0x000000072957c828,0x000000072a000000)
  to   space 20992K, 0% used [0x0000000739c00000,0x0000000739c00000,0x000000073b080000)
 ParOldGen       total 343040K, used 40K [0x00000005cae00000, 0x00000005dfd00000, 0x0000000718f80000)
  object space 343040K, 0% used [0x00000005cae00000,0x00000005cae0a000,0x00000005dfd00000)
 Metaspace       used 17193K, capacity 19553K, committed 19584K, reserved 1064960K
  class space    used 3875K, capacity 4712K, committed 4736K, reserved 1048576K
}
Event: 5.047 GC heap before
{Heap before GC invocations=4 (full 0):
 PSYoungGen      total 279040K, used 268274K [0x0000000718f80000, 0x000000073b080000, 0x00000007c0000000)
  eden space 258048K, 100% used [0x0000000718f80000,0x0000000728b80000,0x0000000728b80000)
  from space 20992K, 48% used [0x0000000728b80000,0x000000072957c828,0x000000072a000000)
  to   space 20992K, 0% used [0x0000000739c00000,0x0000000739c00000,0x000000073b080000)
 ParOldGen       total 343040K, used 40K [0x00000005cae00000, 0x00000005dfd00000, 0x0000000718f80000)
  object space 343040K, 0% used [0x00000005cae00000,0x00000005cae0a000,0x00000005dfd00000)
 Metaspace       used 17747K, capacity 20317K, committed 20608K, reserved 1064960K
  class space    used 4005K, capacity 4908K, committed 4992K, reserved 1048576K
Event: 5.152 GC heap after
Heap after GC invocations=4 (full 0):
 PSYoungGen      total 537088K, used 13028K [0x0000000718f80000, 0x000000073b080000, 0x00000007c0000000)
  eden space 516096K, 0% used [0x0000000718f80000,0x0000000718f80000,0x0000000738780000)
  from space 20992K, 62% used [0x0000000739c00000,0x000000073a8b9010,0x000000073b080000)
  to   space 20992K, 0% used [0x0000000738780000,0x0000000738780000,0x0000000739c00000)
 ParOldGen       total 343040K, used 48K [0x00000005cae00000, 0x00000005dfd00000, 0x0000000718f80000)
  object space 343040K, 0% used [0x00000005cae00000,0x00000005cae0c000,0x00000005dfd00000)
 Metaspace       used 17747K, capacity 20317K, committed 20608K, reserved 1064960K
  class space    used 4005K, capacity 4908K, committed 4992K, reserved 1048576K
}
Event: 5.290 GC heap before
{Heap before GC invocations=5 (full 0):
 PSYoungGen      total 537088K, used 225333K [0x0000000718f80000, 0x000000073b080000, 0x00000007c0000000)
  eden space 516096K, 41% used [0x0000000718f80000,0x0000000725ed4608,0x0000000738780000)
  from space 20992K, 62% used [0x0000000739c00000,0x000000073a8b9010,0x000000073b080000)
  to   space 20992K, 0% used [0x0000000738780000,0x0000000738780000,0x0000000739c00000)
 ParOldGen       total 343040K, used 48K [0x00000005cae00000, 0x00000005dfd00000, 0x0000000718f80000)
  object space 343040K, 0% used [0x00000005cae00000,0x00000005cae0c000,0x00000005dfd00000)
 Metaspace       used 18393K, capacity 21271K, committed 21296K, reserved 1064960K
  class space    used 4185K, capacity 5146K, committed 5168K, reserved 1048576K
Event: 5.439 GC heap after
Heap after GC invocations=5 (full 0):
 PSYoungGen      total 537088K, used 15198K [0x0000000718f80000, 0x000000075a080000, 0x00000007c0000000)
  eden space 516096K, 0% used [0x0000000718f80000,0x0000000718f80000,0x0000000738780000)
  from space 20992K, 72% used [0x0000000738780000,0x0000000739657a80,0x0000000739c00000)
  to   space 16896K, 0% used [0x0000000759000000,0x0000000759000000,0x000000075a080000)
 ParOldGen       total 343040K, used 56K [0x00000005cae00000, 0x00000005dfd00000, 0x0000000718f80000)
  object space 343040K, 0% used [0x00000005cae00000,0x00000005cae0e000,0x00000005dfd00000)
 Metaspace       used 18393K, capacity 21271K, committed 21296K, reserved 1064960K
  class space    used 4185K, capacity 5146K, committed 5168K, reserved 1048576K
}
Event: 5.439 GC heap before
{Heap before GC invocations=6 (full 1):
 PSYoungGen      total 537088K, used 15198K [0x0000000718f80000, 0x000000075a080000, 0x00000007c0000000)
  eden space 516096K, 0% used [0x0000000718f80000,0x0000000718f80000,0x0000000738780000)
  from space 20992K, 72% used [0x0000000738780000,0x0000000739657a80,0x0000000739c00000)
  to   space 16896K, 0% used [0x0000000759000000,0x0000000759000000,0x000000075a080000)
 ParOldGen       total 343040K, used 56K [0x00000005cae00000, 0x00000005dfd00000, 0x0000000718f80000)
  object space 343040K, 0% used [0x00000005cae00000,0x00000005cae0e000,0x00000005dfd00000)
 Metaspace       used 18393K, capacity 21271K, committed 21296K, reserved 1064960K
  class space    used 4185K, capacity 5146K, committed 5168K, reserved 1048576K
Event: 5.514 GC heap after
Heap after GC invocations=6 (full 1):
 PSYoungGen      total 537088K, used 0K [0x0000000718f80000, 0x000000075a080000, 0x00000007c0000000)
  eden space 516096K, 0% used [0x0000000718f80000,0x0000000718f80000,0x0000000738780000)
  from space 20992K, 0% used [0x0000000738780000,0x0000000738780000,0x0000000739c00000)
  to   space 16896K, 0% used [0x0000000759000000,0x0000000759000000,0x000000075a080000)
 ParOldGen       total 151040K, used 15002K [0x00000005cae00000, 0x00000005d4180000, 0x0000000718f80000)
  object space 151040K, 9% used [0x00000005cae00000,0x00000005cbca6a48,0x00000005d4180000)
 Metaspace       used 18391K, capacity 21265K, committed 21296K, reserved 1064960K
  class space    used 4184K, capacity 5145K, committed 5168K, reserved 1048576K
}
Event: 9.090 GC heap before
{Heap before GC invocations=7 (full 1):
 PSYoungGen      total 537088K, used 516096K [0x0000000718f80000, 0x000000075a080000, 0x00000007c0000000)
  eden space 516096K, 100% used [0x0000000718f80000,0x0000000738780000,0x0000000738780000)
  from space 20992K, 0% used [0x0000000738780000,0x0000000738780000,0x0000000739c00000)
  to   space 16896K, 0% used [0x0000000759000000,0x0000000759000000,0x000000075a080000)
 ParOldGen       total 151040K, used 15002K [0x00000005cae00000, 0x00000005d4180000, 0x0000000718f80000)
  object space 151040K, 9% used [0x00000005cae00000,0x00000005cbca6a48,0x00000005d4180000)
 Metaspace       used 24965K, capacity 31073K, committed 31152K, reserved 1073152K
  class space    used 5803K, capacity 7843K, committed 7856K, reserved 1048576K
Event: 9.109 GC heap after
Heap after GC invocations=7 (full 1):
 PSYoungGen      total 1008640K, used 8766K [0x0000000718f80000, 0x0000000759900000, 0x00000007c0000000)
  eden space 999424K, 0% used [0x0000000718f80000,0x0000000718f80000,0x0000000755f80000)
  from space 9216K, 95% used [0x0000000759000000,0x000000075988f800,0x0000000759900000)
  to   space 16896K, 0% used [0x0000000757800000,0x0000000757800000,0x0000000758880000)
 ParOldGen       total 151040K, used 15010K [0x00000005cae00000, 0x00000005d4180000, 0x0000000718f80000)
  object space 151040K, 9% used [0x00000005cae00000,0x00000005cbca8a48,0x00000005d4180000)
 Metaspace       used 24965K, capacity 31073K, committed 31152K, reserved 1073152K
  class space    used 5803K, capacity 7843K, committed 7856K, reserved 1048576K
}
Event: 958.604 GC heap before
{Heap before GC invocations=8 (full 1):
 PSYoungGen      total 1008640K, used 1008190K [0x0000000718f80000, 0x0000000759900000, 0x00000007c0000000)
  eden space 999424K, 100% used [0x0000000718f80000,0x0000000755f80000,0x0000000755f80000)
  from space 9216K, 95% used [0x0000000759000000,0x000000075988f800,0x0000000759900000)
  to   space 16896K, 0% used [0x0000000757800000,0x0000000757800000,0x0000000758880000)
 ParOldGen       total 151040K, used 15010K [0x00000005cae00000, 0x00000005d4180000, 0x0000000718f80000)
  object space 151040K, 9% used [0x00000005cae00000,0x00000005cbca8a48,0x00000005d4180000)
 Metaspace       used 27412K, capacity 34887K, committed 34992K, reserved 1075200K
  class space    used 6541K, capacity 9038K, committed 9136K, reserved 1048576K

Deoptimization events (10 events):
Event: 9.601 Thread 0x00007f3c6401c000 Uncommon trap: reason=unstable_if action=reinterpret pc=0x00007f3cec7c0998 method=java.lang.ThreadLocal.get()Ljava/lang/Object; @ 11
Event: 9.602 Thread 0x00007f3c6401c000 Uncommon trap: reason=unstable_if action=reinterpret pc=0x00007f3cec87ddd0 method=java.net.URL.<init>(Ljava/net/URL;Ljava/lang/String;Ljava/net/URLStreamHandler;)V @ 347
Event: 9.603 Thread 0x00007f3c6401c000 Uncommon trap: reason=unstable_if action=reinterpret pc=0x00007f3cec5ff56c method=clojure.lang.Util.equivPred(Ljava/lang/Object;)Lclojure/lang/Util$EquivPred; @ 41
Event: 9.603 Thread 0x00007f3c6401c000 Uncommon trap: reason=unstable_if action=reinterpret pc=0x00007f3cec52ff68 method=clojure.lang.Util.equivPred(Ljava/lang/Object;)Lclojure/lang/Util$EquivPred; @ 41
Event: 9.604 Thread 0x00007f3c6401c000 Uncommon trap: reason=class_check action=maybe_recompile pc=0x00007f3cec50d1ec method=clojure.lang.LispReader$ListReader.invoke(Ljava/lang/Object;Ljava/lang/Object;Ljava/lang/Object;Ljava/lang/Object;)Ljava/lang/Object; @ 1
Event: 9.625 Thread 0x00007f3c6401c000 Uncommon trap: reason=unstable_if action=reinterpret pc=0x00007f3cec5cd2f4 method=java.lang.Long.stringSize(J)I @ 11
Event: 9.633 Thread 0x00007f3c6401c000 Uncommon trap: reason=unstable_if action=reinterpret pc=0x00007f3cec2ebcc8 method=java.lang.AbstractStringBuilder.append(Ljava/lang/String;)Ljava/lang/AbstractStringBuilder; @ 1
Event: 9.633 Thread 0x00007f3c6401c000 Uncommon trap: reason=unstable_if action=reinterpret pc=0x00007f3cec2ea974 method=java.lang.AbstractStringBuilder.append(Ljava/lang/String;)Ljava/lang/AbstractStringBuilder; @ 1
Event: 9.634 Thread 0x00007f3c6401c000 Uncommon trap: reason=unstable_if action=reinterpret pc=0x00007f3cec513054 method=sun.misc.MetaIndex.mayContain(Ljava/lang/String;)Z @ 38
Event: 9.665 Thread 0x00007f3c6401c000 Uncommon trap: reason=unstable_if action=reinterpret pc=0x00007f3cec85ded4 method=clojure.lang.Var.popThreadBindings()V @ 31

Internal exceptions (10 events):
Event: 5.242 Thread 0x00007f3cfc7fe800 Exception <a 'java/io/FileNotFoundException'> (0x0000000723e6f830) thrown at [/HUDSON3/workspace/8-2-build-linux-amd64/jdk8u101/7261/hotspot/src/share/vm/prims/jni.cpp, line 709]
Event: 5.243 Thread 0x00007f3cfc7fe800 Exception <a 'java/lang/reflect/InvocationTargetException'> (0x0000000723e6ffb0) thrown at [/HUDSON3/workspace/8-2-build-linux-amd64/jdk8u101/7261/hotspot/src/share/vm/runtime/reflection.cpp, line 1092]
Event: 5.287 Thread 0x00007f3cfc00b000 Implicit null exception at 0x00007f3cec5d58af to 0x00007f3cec5d5f39
Event: 6.132 Thread 0x00007f3cfc00b000 Implicit null exception at 0x00007f3cec751a4f to 0x00007f3cec753755
Event: 8.188 Thread 0x00007f3cfc00b000 Implicit null exception at 0x00007f3ceca5732f to 0x00007f3ceca57601
Event: 9.471 Thread 0x00007f3cfc00b000 Implicit null exception at 0x00007f3cec7f9a14 to 0x00007f3cec7fa449
Event: 9.601 Thread 0x00007f3c6401c000 Implicit null exception at 0x00007f3cec7bf1dd to 0x00007f3cec7c0989
Event: 9.633 Thread 0x00007f3c6401c000 Implicit null exception at 0x00007f3cec2eb935 to 0x00007f3cec2ebcb5
Event: 9.633 Thread 0x00007f3c6401c000 Implicit null exception at 0x00007f3cec2ea5f5 to 0x00007f3cec2ea961
Event: 9.634 Thread 0x00007f3c6401c000 Exception <a 'java/lang/ClassNotFoundException': sun/net/www/content/content/unknown> (0x00000007218153e8) thrown at [/HUDSON3/workspace/8-2-build-linux-amd64/jdk8u101/7261/hotspot/src/share/vm/classfile/systemDictionary.cpp, line 210]

Events (10 events):
Event: 779.616 Thread 0x00007f3cfc0cc800 flushing nmethod 0x00007f3cec5c4250
Event: 779.616 Thread 0x00007f3cfc0cc800 flushing nmethod 0x00007f3cec5cf350
Event: 779.616 Thread 0x00007f3cfc0cc800 flushing nmethod 0x00007f3cec5d2590
Event: 779.616 Thread 0x00007f3cfc0cc800 flushing nmethod 0x00007f3cec5d5650
Event: 792.568 Thread 0x00007f3cfc0cc800 flushing nmethod 0x00007f3cec5d9ed0
Event: 792.568 Thread 0x00007f3cfc0cc800 flushing nmethod 0x00007f3cec5e8490
Event: 792.568 Thread 0x00007f3cfc0cc800 flushing nmethod 0x00007f3cec608450
Event: 792.568 Thread 0x00007f3cfc0cc800 flushing nmethod 0x00007f3cec60f350
Event: 792.568 Thread 0x00007f3cfc0cc800 flushing nmethod 0x00007f3cec666490
Event: 958.596 Executing VM operation: ParallelGCFailedAllocation


Dynamic libraries:
00400000-00401000 r-xp 00000000 08:11 8301472                            /usr/lib/jvm/java-8-oracle/jre/bin/java
00600000-00601000 rw-p 00000000 08:11 8301472                            /usr/lib/jvm/java-8-oracle/jre/bin/java
01c19000-01c3a000 rw-p 00000000 00:00 0                                  [heap]
5cae00000-5d4180000 rw-p 00000000 00:00 0 
5d4180000-718f80000 ---p 00000000 00:00 0 
718f80000-759900000 rw-p 00000000 00:00 0 
78fe80000-7c0000000 ---p 00000000 00:00 0 
7c0000000-7c08ec000 rw-p 00000000 00:00 0 
7c08ec000-800000000 ---p 00000000 00:00 0 
7f3c48000000-7f3c48021000 rw-p 00000000 00:00 0 
7f3c48021000-7f3c4c000000 ---p 00000000 00:00 0 
7f3c50000000-7f3c50021000 rw-p 00000000 00:00 0 
7f3c50021000-7f3c54000000 ---p 00000000 00:00 0 
7f3c54000000-7f3c5428d000 rw-p 00000000 00:00 0 
7f3c5428d000-7f3c58000000 ---p 00000000 00:00 0 
7f3c58000000-7f3c58021000 rw-p 00000000 00:00 0 
7f3c58021000-7f3c5c000000 ---p 00000000 00:00 0 
7f3c5c000000-7f3c5c021000 rw-p 00000000 00:00 0 
7f3c5c021000-7f3c60000000 ---p 00000000 00:00 0 
7f3c60000000-7f3c60021000 rw-p 00000000 00:00 0 
7f3c60021000-7f3c64000000 ---p 00000000 00:00 0 
7f3c64000000-7f3c64022000 rw-p 00000000 00:00 0 
7f3c64022000-7f3c68000000 ---p 00000000 00:00 0 
7f3c68000000-7f3c6810c000 rw-p 00000000 00:00 0 
7f3c6810c000-7f3c6c000000 ---p 00000000 00:00 0 
7f3c6c000000-7f3c6c0af000 rw-p 00000000 00:00 0 
7f3c6c0af000-7f3c70000000 ---p 00000000 00:00 0 
7f3c70000000-7f3c70021000 rw-p 00000000 00:00 0 
7f3c70021000-7f3c74000000 ---p 00000000 00:00 0 
7f3c74000000-7f3c74021000 rw-p 00000000 00:00 0 
7f3c74021000-7f3c78000000 ---p 00000000 00:00 0 
7f3c78000000-7f3c7a06c000 rw-p 00000000 00:00 0 
7f3c7a06c000-7f3c7c000000 ---p 00000000 00:00 0 
7f3c7c000000-7f3c7ca24000 rw-p 00000000 00:00 0 
7f3c7ca24000-7f3c80000000 ---p 00000000 00:00 0 
7f3c80000000-7f3c8162b000 rw-p 00000000 00:00 0 
7f3c8162b000-7f3c84000000 ---p 00000000 00:00 0 
7f3c84000000-7f3c8574a000 rw-p 00000000 00:00 0 
7f3c8574a000-7f3c88000000 ---p 00000000 00:00 0 
7f3c88000000-7f3c88021000 rw-p 00000000 00:00 0 
7f3c88021000-7f3c8c000000 ---p 00000000 00:00 0 
7f3c8c000000-7f3c8c021000 rw-p 00000000 00:00 0 
7f3c8c021000-7f3c90000000 ---p 00000000 00:00 0 
7f3c90000000-7f3c90021000 rw-p 00000000 00:00 0 
7f3c90021000-7f3c94000000 ---p 00000000 00:00 0 
7f3c94570000-7f3ca4000000 rw-p 00000000 00:00 0 
7f3ca4000000-7f3ca4021000 rw-p 00000000 00:00 0 
7f3ca4021000-7f3ca8000000 ---p 00000000 00:00 0 
7f3ca8000000-7f3ca828e000 rw-p 00000000 00:00 0 
7f3ca828e000-7f3cac000000 ---p 00000000 00:00 0 
7f3cac000000-7f3cac021000 rw-p 00000000 00:00 0 
7f3cac021000-7f3cb0000000 ---p 00000000 00:00 0 
7f3cb4000000-7f3cb4021000 rw-p 00000000 00:00 0 
7f3cb4021000-7f3cb8000000 ---p 00000000 00:00 0 
7f3cbc000000-7f3cbc021000 rw-p 00000000 00:00 0 
7f3cbc021000-7f3cc0000000 ---p 00000000 00:00 0 
7f3cc4000000-7f3cc4021000 rw-p 00000000 00:00 0 
7f3cc4021000-7f3cc8000000 ---p 00000000 00:00 0 
7f3ccc000000-7f3ccc021000 rw-p 00000000 00:00 0 
7f3ccc021000-7f3cd0000000 ---p 00000000 00:00 0 
7f3cd0000000-7f3cd0021000 rw-p 00000000 00:00 0 
7f3cd0021000-7f3cd4000000 ---p 00000000 00:00 0 
7f3cd4000000-7f3cd4021000 rw-p 00000000 00:00 0 
7f3cd4021000-7f3cd8000000 ---p 00000000 00:00 0 
7f3cdaee2000-7f3cdaee5000 ---p 00000000 00:00 0 
7f3cdaee5000-7f3cdafe3000 rw-p 00000000 00:00 0 
7f3cdafe3000-7f3cdafe6000 ---p 00000000 00:00 0 
7f3cdafe6000-7f3cdb0e4000 rw-p 00000000 00:00 0 
7f3cdb0e4000-7f3cdb0e7000 ---p 00000000 00:00 0 
7f3cdb0e7000-7f3cdb1e5000 rw-p 00000000 00:00 0 
7f3cdb1e5000-7f3cdb1e8000 ---p 00000000 00:00 0 
7f3cdb1e8000-7f3cdb2e6000 rw-p 00000000 00:00 0 
7f3cdb2e6000-7f3cdb2e9000 ---p 00000000 00:00 0 
7f3cdb2e9000-7f3cdb3e7000 rw-p 00000000 00:00 0 
7f3cdb3e7000-7f3cdb3ea000 ---p 00000000 00:00 0 
7f3cdb3ea000-7f3cdb7e9000 rw-p 00000000 00:00 0 
7f3cdb7e9000-7f3cdb7ff000 r-xp 00000000 08:11 8301220                    /usr/lib/jvm/java-8-oracle/jre/lib/amd64/libnet.so
7f3cdb7ff000-7f3cdb9ff000 ---p 00016000 08:11 8301220                    /usr/lib/jvm/java-8-oracle/jre/lib/amd64/libnet.so
7f3cdb9ff000-7f3cdba00000 rw-p 00016000 08:11 8301220                    /usr/lib/jvm/java-8-oracle/jre/lib/amd64/libnet.so
7f3cdba00000-7f3cdbb40000 rw-p 00000000 00:00 0 
7f3cdbb40000-7f3cdbc00000 ---p 00000000 00:00 0 
7f3cdbc00000-7f3cdbe00000 rw-p 00000000 00:00 0 
7f3cdbe00000-7f3cdc000000 rw-p 00000000 00:00 0 
7f3cdc000000-7f3cdc021000 rw-p 00000000 00:00 0 
7f3cdc021000-7f3ce0000000 ---p 00000000 00:00 0 
7f3ce008f000-7f3ce0092000 ---p 00000000 00:00 0 
7f3ce0092000-7f3ce0390000 rw-p 00000000 00:00 0 
7f3ce0404000-7f3ce0604000 rw-p 00000000 00:00 0 
7f3ce0604000-7f3ce0804000 rw-p 00000000 00:00 0 
7f3ce0804000-7f3ce0807000 ---p 00000000 00:00 0 
7f3ce0807000-7f3ce0905000 rw-p 00000000 00:00 0 
7f3ce0905000-7f3ce0908000 ---p 00000000 00:00 0 
7f3ce0908000-7f3ce0c06000 rw-p 00000000 00:00 0 
7f3ce0c06000-7f3ce0e06000 rw-p 00000000 00:00 0 
7f3ce0e06000-7f3ce0e36000 r--s 004dc000 08:11 2814460                    /home/matan/.m2/repository/org/clojure/google-closure-library/0.0-20150505-021ed5b3/google-closure-library-0.0-20150505-021ed5b3.jar
7f3ce0e36000-7f3ce0e65000 r--s 002c9000 08:11 2814458                    /home/matan/.m2/repository/com/google/javascript/closure-compiler/v20150505/closure-compiler-v20150505.jar
7f3ce0e65000-7f3ce0e90000 r--s 001fc000 08:11 2504771                    /home/matan/.m2/repository/com/google/guava/guava/18.0/guava-18.0.jar
7f3ce0e90000-7f3ce1090000 rw-p 00000000 00:00 0 
7f3ce1090000-7f3ce10d3000 r--s 00332000 08:11 2805653                    /home/matan/.m2/repository/org/clojure/clojure/1.8.0/clojure-1.8.0.jar
7f3ce10d3000-7f3ce10d4000 ---p 00000000 00:00 0 
7f3ce10d4000-7f3ce11d4000 rw-p 00000000 00:00 0 
7f3ce11d4000-7f3ce11d7000 ---p 00000000 00:00 0 
7f3ce11d7000-7f3ce12d5000 rw-p 00000000 00:00 0 
7f3ce12d5000-7f3ce12d8000 ---p 00000000 00:00 0 
7f3ce12d8000-7f3ce13d6000 rw-p 00000000 00:00 0 
7f3ce13d6000-7f3ce13d9000 ---p 00000000 00:00 0 
7f3ce13d9000-7f3ce14d7000 rw-p 00000000 00:00 0 
7f3ce14d7000-7f3ce14da000 ---p 00000000 00:00 0 
7f3ce14da000-7f3ce15d8000 rw-p 00000000 00:00 0 
7f3ce15d8000-7f3ce15db000 ---p 00000000 00:00 0 
7f3ce15db000-7f3ce16d9000 rw-p 00000000 00:00 0 
7f3ce16d9000-7f3ce16dc000 ---p 00000000 00:00 0 
7f3ce16dc000-7f3ce17da000 rw-p 00000000 00:00 0 
7f3ce17da000-7f3ce1ab3000 r--p 00000000 08:11 8135042                    /usr/lib/locale/locale-archive
7f3ce1ab3000-7f3ce1ab6000 ---p 00000000 00:00 0 
7f3ce1ab6000-7f3ce1bb4000 rw-p 00000000 00:00 0 
7f3ce1bb4000-7f3ce1bb7000 ---p 00000000 00:00 0 
7f3ce1bb7000-7f3ce1cb5000 rw-p 00000000 00:00 0 
7f3ce1cb5000-7f3ce1cb6000 ---p 00000000 00:00 0 
7f3ce1cb6000-7f3ce4000000 rw-p 00000000 00:00 0 
7f3ce4000000-7f3ce4021000 rw-p 00000000 00:00 0 
7f3ce4021000-7f3ce8000000 ---p 00000000 00:00 0 
7f3ce8009000-7f3ce800e000 r--s 00084000 08:11 8301420                    /usr/lib/jvm/java-8-oracle/jre/lib/jfr.jar
7f3ce8016000-7f3ce801e000 r--s 0007b000 08:11 2628689                    /home/matan/.m2/repository/com/google/protobuf/protobuf-java/2.5.0/protobuf-java-2.5.0.jar
7f3ce801e000-7f3ce808e000 rw-p 00000000 00:00 0 
7f3ce808e000-7f3ce8267000 r--s 03d29000 08:11 8301294                    /usr/lib/jvm/java-8-oracle/jre/lib/rt.jar
7f3ce8267000-7f3ce9a86000 rw-p 00000000 00:00 0 
7f3ce9a86000-7f3ce9a87000 ---p 00000000 00:00 0 
7f3ce9a87000-7f3ce9b87000 rw-p 00000000 00:00 0 
7f3ce9b87000-7f3ce9b88000 ---p 00000000 00:00 0 
7f3ce9b88000-7f3ce9c88000 rw-p 00000000 00:00 0 
7f3ce9c88000-7f3ce9c89000 ---p 00000000 00:00 0 
7f3ce9c89000-7f3ce9d89000 rw-p 00000000 00:00 0 
7f3ce9d89000-7f3ce9d8a000 ---p 00000000 00:00 0 
7f3ce9d8a000-7f3ce9e8a000 rw-p 00000000 00:00 0 
7f3ce9e8a000-7f3ce9e8b000 ---p 00000000 00:00 0 
7f3ce9e8b000-7f3ce9f8b000 rw-p 00000000 00:00 0 
7f3ce9f8b000-7f3ce9f8c000 ---p 00000000 00:00 0 
7f3ce9f8c000-7f3cea08c000 rw-p 00000000 00:00 0 
7f3cea08c000-7f3cea08d000 ---p 00000000 00:00 0 
7f3cea08d000-7f3cea18d000 rw-p 00000000 00:00 0 
7f3cea18d000-7f3cea18e000 ---p 00000000 00:00 0 
7f3cea18e000-7f3cea28e000 rw-p 00000000 00:00 0 
7f3cea28e000-7f3cea28f000 ---p 00000000 00:00 0 
7f3cea28f000-7f3cea3d9000 rw-p 00000000 00:00 0 
7f3cea3d9000-7f3ceae00000 ---p 00000000 00:00 0 
7f3ceae00000-7f3ceae4a000 rw-p 00000000 00:00 0 
7f3ceae4a000-7f3ceb870000 ---p 00000000 00:00 0 
7f3ceb870000-7f3ceba76000 rw-p 00000000 00:00 0 
7f3ceba76000-7f3cebda9000 ---p 00000000 00:00 0 
7f3cebda9000-7f3cebddf000 rw-p 00000000 00:00 0 
7f3cebddf000-7f3cec16a000 ---p 00000000 00:00 0 
7f3cec16a000-7f3ceceaa000 rwxp 00000000 00:00 0 
7f3ceceaa000-7f3cfb16a000 ---p 00000000 00:00 0 
7f3cfb16a000-7f3cfb184000 r-xp 00000000 08:11 8301261                    /usr/lib/jvm/java-8-oracle/jre/lib/amd64/libzip.so
7f3cfb184000-7f3cfb384000 ---p 0001a000 08:11 8301261                    /usr/lib/jvm/java-8-oracle/jre/lib/amd64/libzip.so
7f3cfb384000-7f3cfb385000 rw-p 0001a000 08:11 8301261                    /usr/lib/jvm/java-8-oracle/jre/lib/amd64/libzip.so
7f3cfb385000-7f3cfb390000 r-xp 00000000 08:11 1458558                    /lib/x86_64-linux-gnu/libnss_files-2.23.so
7f3cfb390000-7f3cfb58f000 ---p 0000b000 08:11 1458558                    /lib/x86_64-linux-gnu/libnss_files-2.23.so
7f3cfb58f000-7f3cfb590000 r--p 0000a000 08:11 1458558                    /lib/x86_64-linux-gnu/libnss_files-2.23.so
7f3cfb590000-7f3cfb591000 rw-p 0000b000 08:11 1458558                    /lib/x86_64-linux-gnu/libnss_files-2.23.so
7f3cfb591000-7f3cfb597000 rw-p 00000000 00:00 0 
7f3cfb597000-7f3cfb5a2000 r-xp 00000000 08:11 1458438                    /lib/x86_64-linux-gnu/libnss_nis-2.23.so
7f3cfb5a2000-7f3cfb7a1000 ---p 0000b000 08:11 1458438                    /lib/x86_64-linux-gnu/libnss_nis-2.23.so
7f3cfb7a1000-7f3cfb7a2000 r--p 0000a000 08:11 1458438                    /lib/x86_64-linux-gnu/libnss_nis-2.23.so
7f3cfb7a2000-7f3cfb7a3000 rw-p 0000b000 08:11 1458438                    /lib/x86_64-linux-gnu/libnss_nis-2.23.so
7f3cfb7a3000-7f3cfb7b9000 r-xp 00000000 08:11 1458436                    /lib/x86_64-linux-gnu/libnsl-2.23.so
7f3cfb7b9000-7f3cfb9b8000 ---p 00016000 08:11 1458436                    /lib/x86_64-linux-gnu/libnsl-2.23.so
7f3cfb9b8000-7f3cfb9b9000 r--p 00015000 08:11 1458436                    /lib/x86_64-linux-gnu/libnsl-2.23.so
7f3cfb9b9000-7f3cfb9ba000 rw-p 00016000 08:11 1458436                    /lib/x86_64-linux-gnu/libnsl-2.23.so
7f3cfb9ba000-7f3cfb9bc000 rw-p 00000000 00:00 0 
7f3cfb9bc000-7f3cfb9c4000 r-xp 00000000 08:11 1458428                    /lib/x86_64-linux-gnu/libnss_compat-2.23.so
7f3cfb9c4000-7f3cfbbc3000 ---p 00008000 08:11 1458428                    /lib/x86_64-linux-gnu/libnss_compat-2.23.so
7f3cfbbc3000-7f3cfbbc4000 r--p 00007000 08:11 1458428                    /lib/x86_64-linux-gnu/libnss_compat-2.23.so
7f3cfbbc4000-7f3cfbbc5000 rw-p 00008000 08:11 1458428                    /lib/x86_64-linux-gnu/libnss_compat-2.23.so
7f3cfbbc5000-7f3cfbbef000 r-xp 00000000 08:11 8301238                    /usr/lib/jvm/java-8-oracle/jre/lib/amd64/libjava.so
7f3cfbbef000-7f3cfbdef000 ---p 0002a000 08:11 8301238                    /usr/lib/jvm/java-8-oracle/jre/lib/amd64/libjava.so
7f3cfbdef000-7f3cfbdf1000 rw-p 0002a000 08:11 8301238                    /usr/lib/jvm/java-8-oracle/jre/lib/amd64/libjava.so
7f3cfbdf1000-7f3cfbdfe000 r-xp 00000000 08:11 8301240                    /usr/lib/jvm/java-8-oracle/jre/lib/amd64/libverify.so
7f3cfbdfe000-7f3cfbffe000 ---p 0000d000 08:11 8301240                    /usr/lib/jvm/java-8-oracle/jre/lib/amd64/libverify.so
7f3cfbffe000-7f3cfc000000 rw-p 0000d000 08:11 8301240                    /usr/lib/jvm/java-8-oracle/jre/lib/amd64/libverify.so
7f3cfc000000-7f3cfd21f000 rw-p 00000000 00:00 0 
7f3cfd21f000-7f3d00000000 ---p 00000000 00:00 0 
7f3d00000000-7f3d00002000 r--s 00001000 08:11 8301347                    /usr/lib/jvm/java-8-oracle/jre/lib/ext/dnsns.jar
7f3d00002000-7f3d00006000 r--s 00097000 08:11 8301295                    /usr/lib/jvm/java-8-oracle/jre/lib/jsse.jar
7f3d00006000-7f3d00007000 r--s 00002000 08:11 2806492                    /home/matan/.m2/repository/clj-stacktrace/clj-stacktrace/0.2.8/clj-stacktrace-0.2.8.jar
7f3d00007000-7f3d00083000 rw-p 00000000 00:00 0 
7f3d00083000-7f3d00084000 ---p 00000000 00:00 0 
7f3d00084000-7f3d00184000 rw-p 00000000 00:00 0 
7f3d00184000-7f3d0018b000 r-xp 00000000 08:11 1458568                    /lib/x86_64-linux-gnu/librt-2.23.so
7f3d0018b000-7f3d0038a000 ---p 00007000 08:11 1458568                    /lib/x86_64-linux-gnu/librt-2.23.so
7f3d0038a000-7f3d0038b000 r--p 00006000 08:11 1458568                    /lib/x86_64-linux-gnu/librt-2.23.so
7f3d0038b000-7f3d0038c000 rw-p 00007000 08:11 1458568                    /lib/x86_64-linux-gnu/librt-2.23.so
7f3d0038c000-7f3d00494000 r-xp 00000000 08:11 1458565                    /lib/x86_64-linux-gnu/libm-2.23.so
7f3d00494000-7f3d00693000 ---p 00108000 08:11 1458565                    /lib/x86_64-linux-gnu/libm-2.23.so
7f3d00693000-7f3d00694000 r--p 00107000 08:11 1458565                    /lib/x86_64-linux-gnu/libm-2.23.so
7f3d00694000-7f3d00695000 rw-p 00108000 08:11 1458565                    /lib/x86_64-linux-gnu/libm-2.23.so
7f3d00695000-7f3d01360000 r-xp 00000000 08:11 8301232                    /usr/lib/jvm/java-8-oracle/jre/lib/amd64/server/libjvm.so
7f3d01360000-7f3d0155f000 ---p 00ccb000 08:11 8301232                    /usr/lib/jvm/java-8-oracle/jre/lib/amd64/server/libjvm.so
7f3d0155f000-7f3d01638000 rw-p 00cca000 08:11 8301232                    /usr/lib/jvm/java-8-oracle/jre/lib/amd64/server/libjvm.so
7f3d01638000-7f3d01683000 rw-p 00000000 00:00 0 
7f3d01683000-7f3d01843000 r-xp 00000000 08:11 1458573                    /lib/x86_64-linux-gnu/libc-2.23.so
7f3d01843000-7f3d01a42000 ---p 001c0000 08:11 1458573                    /lib/x86_64-linux-gnu/libc-2.23.so
7f3d01a42000-7f3d01a46000 r--p 001bf000 08:11 1458573                    /lib/x86_64-linux-gnu/libc-2.23.so
7f3d01a46000-7f3d01a48000 rw-p 001c3000 08:11 1458573                    /lib/x86_64-linux-gnu/libc-2.23.so
7f3d01a48000-7f3d01a4c000 rw-p 00000000 00:00 0 
7f3d01a4c000-7f3d01a4f000 r-xp 00000000 08:11 1458574                    /lib/x86_64-linux-gnu/libdl-2.23.so
7f3d01a4f000-7f3d01c4e000 ---p 00003000 08:11 1458574                    /lib/x86_64-linux-gnu/libdl-2.23.so
7f3d01c4e000-7f3d01c4f000 r--p 00002000 08:11 1458574                    /lib/x86_64-linux-gnu/libdl-2.23.so
7f3d01c4f000-7f3d01c50000 rw-p 00003000 08:11 1458574                    /lib/x86_64-linux-gnu/libdl-2.23.so
7f3d01c50000-7f3d01c65000 r-xp 00000000 08:11 8301221                    /usr/lib/jvm/java-8-oracle/jre/lib/amd64/jli/libjli.so
7f3d01c65000-7f3d01e65000 ---p 00015000 08:11 8301221                    /usr/lib/jvm/java-8-oracle/jre/lib/amd64/jli/libjli.so
7f3d01e65000-7f3d01e66000 rw-p 00015000 08:11 8301221                    /usr/lib/jvm/java-8-oracle/jre/lib/amd64/jli/libjli.so
7f3d01e66000-7f3d01e7e000 r-xp 00000000 08:11 1458572                    /lib/x86_64-linux-gnu/libpthread-2.23.so
7f3d01e7e000-7f3d0207d000 ---p 00018000 08:11 1458572                    /lib/x86_64-linux-gnu/libpthread-2.23.so
7f3d0207d000-7f3d0207e000 r--p 00017000 08:11 1458572                    /lib/x86_64-linux-gnu/libpthread-2.23.so
7f3d0207e000-7f3d0207f000 rw-p 00018000 08:11 1458572                    /lib/x86_64-linux-gnu/libpthread-2.23.so
7f3d0207f000-7f3d02083000 rw-p 00000000 00:00 0 
7f3d02083000-7f3d020a9000 r-xp 00000000 08:11 1458569                    /lib/x86_64-linux-gnu/ld-2.23.so
7f3d020a9000-7f3d020aa000 r--s 00009000 08:11 2805569                    /home/matan/.m2/repository/org/clojure/tools.nrepl/0.2.10/tools.nrepl-0.2.10.jar
7f3d020aa000-7f3d020b6000 r--s 0010b000 08:11 2802145                    /home/matan/.m2/repository/org/mozilla/rhino/1.7R5/rhino-1.7R5.jar
7f3d020b6000-7f3d020b8000 r--s 00003000 08:11 2806493                    /home/matan/.m2/repository/lein-light-nrepl/lein-light-nrepl/0.3.0/lein-light-nrepl-0.3.0.jar
7f3d020b8000-7f3d020b9000 r--s 00001000 08:11 2802143                    /home/matan/.m2/repository/org/clojure/data.json/0.2.6/data.json-0.2.6.jar
7f3d020b9000-7f3d020be000 r--s 0002a000 08:11 2505091                    /home/matan/.m2/repository/com/google/code/gson/gson/2.2.4/gson-2.2.4.jar
7f3d020be000-7f3d020c0000 r--s 00006000 08:11 2621653                    /home/matan/.m2/repository/io/aviso/pretty/0.1.33/pretty-0.1.33.jar
7f3d020c0000-7f3d020c1000 r--s 0001f000 08:11 2814459                    /home/matan/.m2/repository/com/google/javascript/closure-compiler-externs/v20150505/closure-compiler-externs-v20150505.jar
7f3d020c1000-7f3d020c4000 r--s 00006000 08:11 2510285                    /home/matan/.m2/repository/com/google/code/findbugs/jsr305/1.3.9/jsr305-1.3.9.jar
7f3d020c4000-7f3d020c5000 r--s 00012000 08:11 2814463                    /home/matan/.m2/repository/org/clojure/google-closure-library-third-party/0.0-20150505-021ed5b3/google-closure-library-third-party-0.0-20150505-021ed5b3.jar
7f3d020c5000-7f3d020c9000 r--s 0002a000 08:11 2255239                    /home/matan/.m2/repository/commons-io/commons-io/2.4/commons-io-2.4.jar
7f3d020c9000-7f3d02166000 rw-p 00000000 00:00 0 
7f3d02166000-7f3d02169000 ---p 00000000 00:00 0 
7f3d02169000-7f3d0226b000 rw-p 00000000 00:00 0 
7f3d0226b000-7f3d0226d000 r--s 0009a000 08:11 2814461                    /home/matan/.m2/repository/org/clojure/clojurescript/0.0-3308/clojurescript-0.0-3308.jar
7f3d0226d000-7f3d0226e000 r--s 00001000 08:11 2805596                    /home/matan/.m2/repository/lein-light-nrepl-instarepl/lein-light-nrepl-instarepl/0.3.1/lein-light-nrepl-instarepl-0.3.1.jar
7f3d0226e000-7f3d02271000 r--s 00010000 08:11 2802133                    /home/matan/.m2/repository/args4j/args4j/2.0.26/args4j-2.0.26.jar
7f3d02271000-7f3d02273000 r--s 00007000 08:11 2814457                    /home/matan/.m2/repository/org/clojure/tools.reader/0.9.2/tools.reader-0.9.2.jar
7f3d02273000-7f3d02274000 r--s 00000000 08:11 2805593                    /home/matan/.m2/repository/clojure-complete/clojure-complete/0.2.3/clojure-complete-0.2.3.jar
7f3d02274000-7f3d0229c000 rw-p 00000000 00:00 0 
7f3d0229c000-7f3d022a4000 rw-s 00000000 08:11 3408752                    /tmp/hsperfdata_matan/20608
7f3d022a4000-7f3d022a5000 rw-p 00000000 00:00 0 
7f3d022a5000-7f3d022a6000 ---p 00000000 00:00 0 
7f3d022a6000-7f3d022a8000 rw-p 00000000 00:00 0 
7f3d022a8000-7f3d022a9000 r--p 00025000 08:11 1458569                    /lib/x86_64-linux-gnu/ld-2.23.so
7f3d022a9000-7f3d022aa000 rw-p 00026000 08:11 1458569                    /lib/x86_64-linux-gnu/ld-2.23.so
7f3d022aa000-7f3d022ab000 rw-p 00000000 00:00 0 
7ffc89aa1000-7ffc89ac3000 rw-p 00000000 00:00 0                          [stack]
7ffc89b89000-7ffc89b8b000 r--p 00000000 00:00 0                          [vvar]
7ffc89b8b000-7ffc89b8d000 r-xp 00000000 00:00 0                          [vdso]
ffffffffff600000-ffffffffff601000 r-xp 00000000 00:00 0                  [vsyscall]

VM Arguments:
jvm_args: -Dfile.encoding=UTF-8 -Dclojure.compile.path=/repos/vca/boteval/boteval/target/classes -Dboteval.version=0.1.0-SNAPSHOT -Dclojure.debug=false 
java_command: clojure.main -i /tmp/form-init8964305566512441234.clj
java_class_path (initial): /repos/vca/boteval/boteval/test:/repos/vca/boteval/boteval/src/clojure:/repos/vca/boteval/boteval/dev-resources:/repos/vca/boteval/boteval/resources:/repos/vca/boteval/boteval/target/classes:/home/matan/.m2/repository/clojure-complete/clojure-complete/0.2.3/clojure-complete-0.2.3.jar:/home/matan/.m2/repository/org/clojure/clojure/1.8.0/clojure-1.8.0.jar:/home/matan/.m2/repository/com/google/guava/guava/18.0/guava-18.0.jar:/home/matan/.m2/repository/com/google/javascript/closure-compiler/v20150505/closure-compiler-v20150505.jar:/home/matan/.m2/repository/org/clojure/tools.reader/0.9.2/tools.reader-0.9.2.jar:/home/matan/.m2/repository/org/clojure/google-closure-library/0.0-20150505-021ed5b3/google-closure-library-0.0-20150505-021ed5b3.jar:/home/matan/.m2/repository/args4j/args4j/2.0.26/args4j-2.0.26.jar:/home/matan/.m2/repository/commons-io/commons-io/2.4/commons-io-2.4.jar:/home/matan/.m2/repository/lein-light-nrepl-instarepl/lein-light-nrepl-instarepl/0.3.1/lein-light-nrepl-instarepl-0.3.1.jar:/home/matan/.m2/repository/org/clojure/clojurescript/0.0-3308/clojurescript-0.0-3308.jar:/home/matan/.m2/repository/org/clojure/google-closure-library-third-party/0.0-20150505-021ed5b3/google-closure-library-third-party-0.0-20150505-021ed5b3.jar:/home/matan/.m2/repository/com/google/code/findbugs/jsr305/1.3.9/jsr305-1.3.9.jar:/home/matan/.m2/repository/com/google/javascript/closure-compiler-externs/v20150505/closure-compiler-externs-v20150505.jar:/home/matan/.m2/repository/io/aviso/pretty/0.1.33/pretty-0.1.33.jar:/home/matan/.m2/repository/com/google/code/gson/gson/2.2.4/gson-2.2.4.jar:/home/matan/.m2/repository/org/clojure/data.json/0.2.6/data.json-0.2.6.jar:/home/matan/.m2/repository/lein-light-nrepl/lein-light-nrepl/0.3.0/lein-light-nrepl-0.3.0.jar:/home/matan/.m2/repository/org/mozilla/rhino/1.7R5/rhino-1.7R5.jar:/home/matan/.m2/repository/org/clojure/tools.nrepl/0.2.10/tools.nrepl-0.2.10.jar:/home/matan/.m2/repository/clj-stacktrace/clj-stackt
Launcher Type: SUN_STANDARD

Environment Variables:
PATH=/home/matan/torch/install/bin:/home/matan/torch/install/bin:/home/matan/google-cloud-sdk/bin:/home/matan/.nvm/versions/node/v6.3.0/bin:/home/matan/bin:/usr/local/heroku/bin:/home/matan/torch/install/bin:/home/matan/torch/install/bin:/home/matan/bin:/usr/local/sbin:/usr/local/bin:/usr/sbin:/usr/bin:/sbin:/bin:/usr/games:/usr/local/games:/snap/bin:/home/matan/.rvm/bin:/home/matan/.rvm/bin
LD_LIBRARY_PATH=/home/matan/lighttable-0.8.1-linux:/home/matan/torch/install/lib:/home/matan/torch/install/lib:/home/matan/torch/install/lib:/home/matan/torch/install/lib:
SHELL=/bin/bash
DISPLAY=:0
DYLD_LIBRARY_PATH=/home/matan/torch/install/lib:/home/matan/torch/install/lib:/home/matan/torch/install/lib:/home/matan/torch/install/lib:

Signal Handlers:
SIGSEGV: [libjvm.so+0xac4790], sa_mask[0]=11111111011111111101111111111110, sa_flags=SA_RESTART|SA_SIGINFO
SIGBUS: [libjvm.so+0xac4790], sa_mask[0]=11111111011111111101111111111110, sa_flags=SA_RESTART|SA_SIGINFO
SIGFPE: [libjvm.so+0x91f140], sa_mask[0]=11111111011111111101111111111110, sa_flags=SA_RESTART|SA_SIGINFO
SIGPIPE: [libjvm.so+0x91f140], sa_mask[0]=11111111011111111101111111111110, sa_flags=SA_RESTART|SA_SIGINFO
SIGXFSZ: [libjvm.so+0x91f140], sa_mask[0]=11111111011111111101111111111110, sa_flags=SA_RESTART|SA_SIGINFO
SIGILL: [libjvm.so+0x91f140], sa_mask[0]=11111111011111111101111111111110, sa_flags=SA_RESTART|SA_SIGINFO
SIGUSR1: SIG_DFL, sa_mask[0]=00000000000000000000000000000000, sa_flags=none
SIGUSR2: [libjvm.so+0x920770], sa_mask[0]=00100000000000000000000000000000, sa_flags=SA_RESTART|SA_SIGINFO
SIGHUP: [libjvm.so+0x921b70], sa_mask[0]=11111111011111111101111111111110, sa_flags=SA_RESTART|SA_SIGINFO
SIGINT: SIG_IGN, sa_mask[0]=00000000000000000000000000000000, sa_flags=none
SIGTERM: [libjvm.so+0x921b70], sa_mask[0]=11111111011111111101111111111110, sa_flags=SA_RESTART|SA_SIGINFO
SIGQUIT: [libjvm.so+0x921b70], sa_mask[0]=11111111011111111101111111111110, sa_flags=SA_RESTART|SA_SIGINFO


---------------  S Y S T E M  ---------------

OS:DISTRIB_ID=Ubuntu
DISTRIB_RELEASE=16.04
DISTRIB_CODENAME=xenial
DISTRIB_DESCRIPTION="Ubuntu 16.04 LTS"

uname:Linux 4.4.0-21-generic #37-Ubuntu SMP Mon Apr 18 18:33:37 UTC 2016 x86_64
libc:glibc 2.23 NPTL 2.23 
rlimit: STACK 8192k, CORE 0k, NPROC 128131, NOFILE 65536, AS infinity
load average:0.27 0.32 0.46

/proc/meminfo:
MemTotal:       32839956 kB
MemFree:          175032 kB
MemAvailable:     495776 kB
Buffers:          106140 kB
Cached:           434180 kB
SwapCached:            0 kB
Active:         23184672 kB
Inactive:         248292 kB
Active(anon):   23017264 kB
Inactive(anon):   101484 kB
Active(file):     167408 kB
Inactive(file):   146808 kB
Unevictable:     8648836 kB
Mlocked:         8648836 kB
SwapTotal:             0 kB
SwapFree:              0 kB
Dirty:               120 kB
Writeback:             0 kB
AnonPages:      31542108 kB
Mapped:           425184 kB
Shmem:            196980 kB
Slab:             175856 kB
SReclaimable:      92292 kB
SUnreclaim:        83564 kB
KernelStack:       29520 kB
PageTables:       146448 kB
NFS_Unstable:          0 kB
Bounce:                0 kB
WritebackTmp:          0 kB
CommitLimit:    16419976 kB
Committed_AS:   47141000 kB
VmallocTotal:   34359738367 kB
VmallocUsed:           0 kB
VmallocChunk:          0 kB
HardwareCorrupted:     0 kB
AnonHugePages:  21301248 kB
CmaTotal:              0 kB
CmaFree:               0 kB
HugePages_Total:       0
HugePages_Free:        0
HugePages_Rsvd:        0
HugePages_Surp:        0
Hugepagesize:       2048 kB
DirectMap4k:     4906620 kB
DirectMap2M:    22249472 kB
DirectMap1G:     8388608 kB


CPU:total 12 (6 cores per cpu, 2 threads per core) family 6 model 63 stepping 2, cmov, cx8, fxsr, mmx, sse, sse2, sse3, ssse3, sse4.1, sse4.2, popcnt, avx, avx2, aes, clmul, erms, lzcnt, ht, tsc, tscinvbit, bmi1, bmi2

/proc/cpuinfo:
processor	: 0
vendor_id	: GenuineIntel
cpu family	: 6
model		: 63
model name	: Intel(R) Core(TM) i7-5820K CPU @ 3.30GHz
stepping	: 2
microcode	: 0x25
cpu MHz		: 1219.582
cache size	: 15360 KB
physical id	: 0
siblings	: 12
core id		: 0
cpu cores	: 6
apicid		: 0
initial apicid	: 0
fpu		: yes
fpu_exception	: yes
cpuid level	: 15
wp		: yes
flags		: fpu vme de pse tsc msr pae mce cx8 apic sep mtrr pge mca cmov pat pse36 clflush dts acpi mmx fxsr sse sse2 ss ht tm pbe syscall nx pdpe1gb rdtscp lm constant_tsc arch_perfmon pebs bts rep_good nopl xtopology nonstop_tsc aperfmperf eagerfpu pni pclmulqdq dtes64 monitor ds_cpl vmx est tm2 ssse3 sdbg fma cx16 xtpr pdcm pcid dca sse4_1 sse4_2 x2apic movbe popcnt tsc_deadline_timer aes xsave avx f16c rdrand lahf_lm abm tpr_shadow vnmi flexpriority ept vpid fsgsbase tsc_adjust bmi1 avx2 smep bmi2 erms invpcid cqm xsaveopt cqm_llc cqm_occup_llc dtherm ida arat pln pts
bugs		:
bogomips	: 6600.17
clflush size	: 64
cache_alignment	: 64
address sizes	: 46 bits physical, 48 bits virtual
power management:

processor	: 1
vendor_id	: GenuineIntel
cpu family	: 6
model		: 63
model name	: Intel(R) Core(TM) i7-5820K CPU @ 3.30GHz
stepping	: 2
microcode	: 0x25
cpu MHz		: 1203.468
cache size	: 15360 KB
physical id	: 0
siblings	: 12
core id		: 1
cpu cores	: 6
apicid		: 2
initial apicid	: 2
fpu		: yes
fpu_exception	: yes
cpuid level	: 15
wp		: yes
flags		: fpu vme de pse tsc msr pae mce cx8 apic sep mtrr pge mca cmov pat pse36 clflush dts acpi mmx fxsr sse sse2 ss ht tm pbe syscall nx pdpe1gb rdtscp lm constant_tsc arch_perfmon pebs bts rep_good nopl xtopology nonstop_tsc aperfmperf eagerfpu pni pclmulqdq dtes64 monitor ds_cpl vmx est tm2 ssse3 sdbg fma cx16 xtpr pdcm pcid dca sse4_1 sse4_2 x2apic movbe popcnt tsc_deadline_timer aes xsave avx f16c rdrand lahf_lm abm tpr_shadow vnmi flexpriority ept vpid fsgsbase tsc_adjust bmi1 avx2 smep bmi2 erms invpcid cqm xsaveopt cqm_llc cqm_occup_llc dtherm ida arat pln pts
bugs		:
bogomips	: 6600.17
clflush size	: 64
cache_alignment	: 64
address sizes	: 46 bits physical, 48 bits virtual
power management:

processor	: 2
vendor_id	: GenuineIntel
cpu family	: 6
model		: 63
model name	: Intel(R) Core(TM) i7-5820K CPU @ 3.30GHz
stepping	: 2
microcode	: 0x25
cpu MHz		: 1199.988
cache size	: 15360 KB
physical id	: 0
siblings	: 12
core id		: 2
cpu cores	: 6
apicid		: 4
initial apicid	: 4
fpu		: yes
fpu_exception	: yes
cpuid level	: 15
wp		: yes
flags		: fpu vme de pse tsc msr pae mce cx8 apic sep mtrr pge mca cmov pat pse36 clflush dts acpi mmx fxsr sse sse2 ss ht tm pbe syscall nx pdpe1gb rdtscp lm constant_tsc arch_perfmon pebs bts rep_good nopl xtopology nonstop_tsc aperfmperf eagerfpu pni pclmulqdq dtes64 monitor ds_cpl vmx est tm2 ssse3 sdbg fma cx16 xtpr pdcm pcid dca sse4_1 sse4_2 x2apic movbe popcnt tsc_deadline_timer aes xsave avx f16c rdrand lahf_lm abm tpr_shadow vnmi flexpriority ept vpid fsgsbase tsc_adjust bmi1 avx2 smep bmi2 erms invpcid cqm xsaveopt cqm_llc cqm_occup_llc dtherm ida arat pln pts
bugs		:
bogomips	: 6600.17
clflush size	: 64
cache_alignment	: 64
address sizes	: 46 bits physical, 48 bits virtual
power management:

processor	: 3
vendor_id	: GenuineIntel
cpu family	: 6
model		: 63
model name	: Intel(R) Core(TM) i7-5820K CPU @ 3.30GHz
stepping	: 2
microcode	: 0x25
cpu MHz		: 1285.582
cache size	: 15360 KB
physical id	: 0
siblings	: 12
core id		: 3
cpu cores	: 6
apicid		: 6
initial apicid	: 6
fpu		: yes
fpu_exception	: yes
cpuid level	: 15
wp		: yes
flags		: fpu vme de pse tsc msr pae mce cx8 apic sep mtrr pge mca cmov pat pse36 clflush dts acpi mmx fxsr sse sse2 ss ht tm pbe syscall nx pdpe1gb rdtscp lm constant_tsc arch_perfmon pebs bts rep_good nopl xtopology nonstop_tsc aperfmperf eagerfpu pni pclmulqdq dtes64 monitor ds_cpl vmx est tm2 ssse3 sdbg fma cx16 xtpr pdcm pcid dca sse4_1 sse4_2 x2apic movbe popcnt tsc_deadline_timer aes xsave avx f16c rdrand lahf_lm abm tpr_shadow vnmi flexpriority ept vpid fsgsbase tsc_adjust bmi1 avx2 smep bmi2 erms invpcid cqm xsaveopt cqm_llc cqm_occup_llc dtherm ida arat pln pts
bugs		:
bogomips	: 6600.17
clflush size	: 64
cache_alignment	: 64
address sizes	: 46 bits physical, 48 bits virtual
power management:

processor	: 4
vendor_id	: GenuineIntel
cpu family	: 6
model		: 63
model name	: Intel(R) Core(TM) i7-5820K CPU @ 3.30GHz
stepping	: 2
microcode	: 0x25
cpu MHz		: 1293.316
cache size	: 15360 KB
physical id	: 0
siblings	: 12
core id		: 4
cpu cores	: 6
apicid		: 8
initial apicid	: 8
fpu		: yes
fpu_exception	: yes
cpuid level	: 15
wp		: yes
flags		: fpu vme de pse tsc msr pae mce cx8 apic sep mtrr pge mca cmov pat pse36 clflush dts acpi mmx fxsr sse sse2 ss ht tm pbe syscall nx pdpe1gb rdtscp lm constant_tsc arch_perfmon pebs bts rep_good nopl xtopology nonstop_tsc aperfmperf eagerfpu pni pclmulqdq dtes64 monitor ds_cpl vmx est tm2 ssse3 sdbg fma cx16 xtpr pdcm pcid dca sse4_1 sse4_2 x2apic movbe popcnt tsc_deadline_timer aes xsave avx f16c rdrand lahf_lm abm tpr_shadow vnmi flexpriority ept vpid fsgsbase tsc_adjust bmi1 avx2 smep bmi2 erms invpcid cqm xsaveopt cqm_llc cqm_occup_llc dtherm ida arat pln pts
bugs		:
bogomips	: 6600.17
clflush size	: 64
cache_alignment	: 64
address sizes	: 46 bits physical, 48 bits virtual
power management:

processor	: 5
vendor_id	: GenuineIntel
cpu family	: 6
model		: 63
model name	: Intel(R) Core(TM) i7-5820K CPU @ 3.30GHz
stepping	: 2
microcode	: 0x25
cpu MHz		: 1483.453
cache size	: 15360 KB
physical id	: 0
siblings	: 12
core id		: 5
cpu cores	: 6
apicid		: 10
initial apicid	: 10
fpu		: yes
fpu_exception	: yes
cpuid level	: 15
wp		: yes
flags		: fpu vme de pse tsc msr pae mce cx8 apic sep mtrr pge mca cmov pat pse36 clflush dts acpi mmx fxsr sse sse2 ss ht tm pbe syscall nx pdpe1gb rdtscp lm constant_tsc arch_perfmon pebs bts rep_good nopl xtopology nonstop_tsc aperfmperf eagerfpu pni pclmulqdq dtes64 monitor ds_cpl vmx est tm2 ssse3 sdbg fma cx16 xtpr pdcm pcid dca sse4_1 sse4_2 x2apic movbe popcnt tsc_deadline_timer aes xsave avx f16c rdrand lahf_lm abm tpr_shadow vnmi flexpriority ept vpid fsgsbase tsc_adjust bmi1 avx2 smep bmi2 erms invpcid cqm xsaveopt cqm_llc cqm_occup_llc dtherm ida arat pln pts
bugs		:
bogomips	: 6600.17
clflush size	: 64
cache_alignment	: 64
address sizes	: 46 bits physical, 48 bits virtual
power management:

processor	: 6
vendor_id	: GenuineIntel
cpu family	: 6
model		: 63
model name	: Intel(R) Core(TM) i7-5820K CPU @ 3.30GHz
stepping	: 2
microcode	: 0x25
cpu MHz		: 1262.378
cache size	: 15360 KB
physical id	: 0
siblings	: 12
core id		: 0
cpu cores	: 6
apicid		: 1
initial apicid	: 1
fpu		: yes
fpu_exception	: yes
cpuid level	: 15
wp		: yes
flags		: fpu vme de pse tsc msr pae mce cx8 apic sep mtrr pge mca cmov pat pse36 clflush dts acpi mmx fxsr sse sse2 ss ht tm pbe syscall nx pdpe1gb rdtscp lm constant_tsc arch_perfmon pebs bts rep_good nopl xtopology nonstop_tsc aperfmperf eagerfpu pni pclmulqdq dtes64 monitor ds_cpl vmx est tm2 ssse3 sdbg fma cx16 xtpr pdcm pcid dca sse4_1 sse4_2 x2apic movbe popcnt tsc_deadline_timer aes xsave avx f16c rdrand lahf_lm abm tpr_shadow vnmi flexpriority ept vpid fsgsbase tsc_adjust bmi1 avx2 smep bmi2 erms invpcid cqm xsaveopt cqm_llc cqm_occup_llc dtherm ida arat pln pts
bugs		:
bogomips	: 6600.17
clflush size	: 64
cache_alignment	: 64
address sizes	: 46 bits physical, 48 bits virtual
power management:

processor	: 7
vendor_id	: GenuineIntel
cpu family	: 6
model		: 63
model name	: Intel(R) Core(TM) i7-5820K CPU @ 3.30GHz
stepping	: 2
microcode	: 0x25
cpu MHz		: 1227.703
cache size	: 15360 KB
physical id	: 0
siblings	: 12
core id		: 1
cpu cores	: 6
apicid		: 3
initial apicid	: 3
fpu		: yes
fpu_exception	: yes
cpuid level	: 15
wp		: yes
flags		: fpu vme de pse tsc msr pae mce cx8 apic sep mtrr pge mca cmov pat pse36 clflush dts acpi mmx fxsr sse sse2 ss ht tm pbe syscall nx pdpe1gb rdtscp lm constant_tsc arch_perfmon pebs bts rep_good nopl xtopology nonstop_tsc aperfmperf eagerfpu pni pclmulqdq dtes64 monitor ds_cpl vmx est tm2 ssse3 sdbg fma cx16 xtpr pdcm pcid dca sse4_1 sse4_2 x2apic movbe popcnt tsc_deadline_timer aes xsave avx f16c rdrand lahf_lm abm tpr_shadow vnmi flexpriority ept vpid fsgsbase tsc_adjust bmi1 avx2 smep bmi2 erms invpcid cqm xsaveopt cqm_llc cqm_occup_llc dtherm ida arat pln pts
bugs		:
bogomips	: 6600.17
clflush size	: 64
cache_alignment	: 64
address sizes	: 46 bits physical, 48 bits virtual
power management:

processor	: 8
vendor_id	: GenuineIntel
cpu family	: 6
model		: 63
model name	: Intel(R) Core(TM) i7-5820K CPU @ 3.30GHz
stepping	: 2
microcode	: 0x25
cpu MHz		: 1496.472
cache size	: 15360 KB
physical id	: 0
siblings	: 12
core id		: 2
cpu cores	: 6
apicid		: 5
initial apicid	: 5
fpu		: yes
fpu_exception	: yes
cpuid level	: 15
wp		: yes
flags		: fpu vme de pse tsc msr pae mce cx8 apic sep mtrr pge mca cmov pat pse36 clflush dts acpi mmx fxsr sse sse2 ss ht tm pbe syscall nx pdpe1gb rdtscp lm constant_tsc arch_perfmon pebs bts rep_good nopl xtopology nonstop_tsc aperfmperf eagerfpu pni pclmulqdq dtes64 monitor ds_cpl vmx est tm2 ssse3 sdbg fma cx16 xtpr pdcm pcid dca sse4_1 sse4_2 x2apic movbe popcnt tsc_deadline_timer aes xsave avx f16c rdrand lahf_lm abm tpr_shadow vnmi flexpriority ept vpid fsgsbase tsc_adjust bmi1 avx2 smep bmi2 erms invpcid cqm xsaveopt cqm_llc cqm_occup_llc dtherm ida arat pln pts
bugs		:
bogomips	: 6600.17
clflush size	: 64
cache_alignment	: 64
address sizes	: 46 bits physical, 48 bits virtual
power management:

processor	: 9
vendor_id	: GenuineIntel
cpu family	: 6
model		: 63
model name	: Intel(R) Core(TM) i7-5820K CPU @ 3.30GHz
stepping	: 2
microcode	: 0x25
cpu MHz		: 1294.089
cache size	: 15360 KB
physical id	: 0
siblings	: 12
core id		: 3
cpu cores	: 6
apicid		: 7
initial apicid	: 7
fpu		: yes
fpu_exception	: yes
cpuid level	: 15
wp		: yes
flags		: fpu vme de pse tsc msr pae mce cx8 apic sep mtrr pge mca cmov pat pse36 clflush dts acpi mmx fxsr sse sse2 ss ht tm pbe syscall nx pdpe1gb rdtscp lm constant_tsc arch_perfmon pebs bts rep_good nopl xtopology nonstop_tsc aperfmperf eagerfpu pni pclmulqdq dtes64 monitor ds_cpl vmx est tm2 ssse3 sdbg fma cx16 xtpr pdcm pcid dca sse4_1 sse4_2 x2apic movbe popcnt tsc_deadline_timer aes xsave avx f16c rdrand lahf_lm abm tpr_shadow vnmi flexpriority ept vpid fsgsbase tsc_adjust bmi1 avx2 smep bmi2 erms invpcid cqm xsaveopt cqm_llc cqm_occup_llc dtherm ida arat pln pts
bugs		:
bogomips	: 6600.17
clflush size	: 64
cache_alignment	: 64
address sizes	: 46 bits physical, 48 bits virtual
power management:

processor	: 10
vendor_id	: GenuineIntel
cpu family	: 6
model		: 63
model name	: Intel(R) Core(TM) i7-5820K CPU @ 3.30GHz
stepping	: 2
microcode	: 0x25
cpu MHz		: 1245.621
cache size	: 15360 KB
physical id	: 0
siblings	: 12
core id		: 4
cpu cores	: 6
apicid		: 9
initial apicid	: 9
fpu		: yes
fpu_exception	: yes
cpuid level	: 15
wp		: yes
flags		: fpu vme de pse tsc msr pae mce cx8 apic sep mtrr pge mca cmov pat pse36 clflush dts acpi mmx fxsr sse sse2 ss ht tm pbe syscall nx pdpe1gb rdtscp lm constant_tsc arch_perfmon pebs bts rep_good nopl xtopology nonstop_tsc aperfmperf eagerfpu pni pclmulqdq dtes64 monitor ds_cpl vmx est tm2 ssse3 sdbg fma cx16 xtpr pdcm pcid dca sse4_1 sse4_2 x2apic movbe popcnt tsc_deadline_timer aes xsave avx f16c rdrand lahf_lm abm tpr_shadow vnmi flexpriority ept vpid fsgsbase tsc_adjust bmi1 avx2 smep bmi2 erms invpcid cqm xsaveopt cqm_llc cqm_occup_llc dtherm ida arat pln pts
bugs		:
bogomips	: 6600.17
clflush size	: 64
cache_alignment	: 64
address sizes	: 46 bits physical, 48 bits virtual
power management:

processor	: 11
vendor_id	: GenuineIntel
cpu family	: 6
model		: 63
model name	: Intel(R) Core(TM) i7-5820K CPU @ 3.30GHz
stepping	: 2
microcode	: 0x25
cpu MHz		: 1386.515
cache size	: 15360 KB
physical id	: 0
siblings	: 12
core id		: 5
cpu cores	: 6
apicid		: 11
initial apicid	: 11
fpu		: yes
fpu_exception	: yes
cpuid level	: 15
wp		: yes
flags		: fpu vme de pse tsc msr pae mce cx8 apic sep mtrr pge mca cmov pat pse36 clflush dts acpi mmx fxsr sse sse2 ss ht tm pbe syscall nx pdpe1gb rdtscp lm constant_tsc arch_perfmon pebs bts rep_good nopl xtopology nonstop_tsc aperfmperf eagerfpu pni pclmulqdq dtes64 monitor ds_cpl vmx est tm2 ssse3 sdbg fma cx16 xtpr pdcm pcid dca sse4_1 sse4_2 x2apic movbe popcnt tsc_deadline_timer aes xsave avx f16c rdrand lahf_lm abm tpr_shadow vnmi flexpriority ept vpid fsgsbase tsc_adjust bmi1 avx2 smep bmi2 erms invpcid cqm xsaveopt cqm_llc cqm_occup_llc dtherm ida arat pln pts
bugs		:
bogomips	: 6600.17
clflush size	: 64
cache_alignment	: 64
address sizes	: 46 bits physical, 48 bits virtual
power management:



Memory: 4k page, physical 32839956k(175032k free), swap 0k(0k free)

vm_info: Java HotSpot(TM) 64-Bit Server VM (25.101-b13) for linux-amd64 JRE (1.8.0_101-b13), built on Jun 22 2016 02:59:44 by "java_re" with gcc 4.3.0 20080428 (Red Hat 4.3.0-8)

time: Fri Mar 31 16:08:12 2017
elapsed time: 958 seconds (0d 0h 15m 58s)

